This is pdfTeX, Version 3.141592-1.40.1 (Web2C 7.5.6) (format=latex 2007.1.15)  24 AUG 2008 11:44
entering extended mode
**amt.tex
(./amt.tex
LaTeX2e <2005/12/01>
Babel <v3.8h> and hyphenation patterns for english, usenglishmax, dumylang, noh
yphenation, basque, bulgarian, coptic, welsh, czech, slovak, german, ngerman, d
anish, spanish, catalan, galician, esperanto, estonian, finnish, french, greek,
 monogreek, ancientgreek, croatian, hungarian, interlingua, ibycus, indonesian,
 icelandic, italian, latin, mongolian, dutch, norsk, polish, portuguese, pinyin
, romanian, russian, slovene, uppersorbian, serbian, swedish, turkish, ukenglis
h, ukrainian, loaded.
(/usr/local/gwTeX/texmf.texlive/tex/latex/base/article.cls
Document Class: article 2005/09/16 v1.4f Standard LaTeX document class
(/usr/local/gwTeX/texmf.texlive/tex/latex/base/size11.clo
File: size11.clo 2005/09/16 v1.4f Standard LaTeX file (size option)
)
\c@part=\count79
\c@section=\count80
\c@subsection=\count81
\c@subsubsection=\count82
\c@paragraph=\count83
\c@subparagraph=\count84
\c@figure=\count85
\c@table=\count86
\abovecaptionskip=\skip41
\belowcaptionskip=\skip42
\bibindent=\dimen102
) (./acl08.sty
Conference Style for ACL 2005 -- released Octobe 11, 2004
\titlebox=\skip43
) (/usr/local/gwTeX/texmf.texlive/tex/latex/psnfss/times.sty
Package: times 2005/04/12 PSNFSS-v9.2a (SPQR) 
)
(/usr/local/gwTeX/texmf.texlive/tex/latex/base/latexsym.sty
Package: latexsym 1998/08/17 v2.2e Standard LaTeX package (lasy symbols)
\symlasy=\mathgroup4
LaTeX Font Info:    Overwriting symbol font `lasy' in version `bold'
(Font)                  U/lasy/m/n --> U/lasy/b/n on input line 47.
)
(/usr/local/gwTeX/texmf.texlive/tex/latex/amsmath/amsmath.sty
Package: amsmath 2000/07/18 v2.13 AMS math features
\@mathmargin=\skip44

For additional information on amsmath, use the `?' option.
(/usr/local/gwTeX/texmf.texlive/tex/latex/amsmath/amstext.sty
Package: amstext 2000/06/29 v2.01

(/usr/local/gwTeX/texmf.texlive/tex/latex/amsmath/amsgen.sty
File: amsgen.sty 1999/11/30 v2.0
\@emptytoks=\toks14
\ex@=\dimen103
))
(/usr/local/gwTeX/texmf.texlive/tex/latex/amsmath/amsbsy.sty
Package: amsbsy 1999/11/29 v1.2d
\pmbraise@=\dimen104
)
(/usr/local/gwTeX/texmf.texlive/tex/latex/amsmath/amsopn.sty
Package: amsopn 1999/12/14 v2.01 operator names
)
\inf@bad=\count87
LaTeX Info: Redefining \frac on input line 211.
\uproot@=\count88
\leftroot@=\count89
LaTeX Info: Redefining \overline on input line 307.
\classnum@=\count90
\DOTSCASE@=\count91
LaTeX Info: Redefining \ldots on input line 379.
LaTeX Info: Redefining \dots on input line 382.
LaTeX Info: Redefining \cdots on input line 467.
\Mathstrutbox@=\box26
\strutbox@=\box27
\big@size=\dimen105
LaTeX Font Info:    Redeclaring font encoding OML on input line 567.
LaTeX Font Info:    Redeclaring font encoding OMS on input line 568.
\macc@depth=\count92
\c@MaxMatrixCols=\count93
\dotsspace@=\muskip10
\c@parentequation=\count94
\dspbrk@lvl=\count95
\tag@help=\toks15
\row@=\count96
\column@=\count97
\maxfields@=\count98
\andhelp@=\toks16
\eqnshift@=\dimen106
\alignsep@=\dimen107
\tagshift@=\dimen108
\tagwidth@=\dimen109
\totwidth@=\dimen110
\lineht@=\dimen111
\@envbody=\toks17
\multlinegap=\skip45
\multlinetaggap=\skip46
\mathdisplay@stack=\toks18
LaTeX Info: Redefining \[ on input line 2666.
LaTeX Info: Redefining \] on input line 2667.
)
(/usr/local/gwTeX/texmf.texlive/tex/latex/amsfonts/eucal.sty
Package: eucal 2001/10/01 v2.2d Euler Script fonts
LaTeX Font Info:    Overwriting math alphabet `\EuScript' in version `bold'
(Font)                  U/eus/m/n --> U/eus/b/n on input line 55.
)
(/usr/local/gwTeX/texmf.texlive/tex/latex/amsfonts/eufrak.sty
Package: eufrak 2001/10/01 v2.2e Euler Fraktur fonts
LaTeX Font Info:    Overwriting math alphabet `\EuFrak' in version `bold'
(Font)                  U/euf/m/n --> U/euf/b/n on input line 61.
)
(/usr/local/gwTeX/texmf.texlive/tex/latex/jknapltx/mathrsfs.sty
Package: mathrsfs 1996/01/01 Math RSFS package v1.0 (jk)
\symrsfs=\mathgroup5
)
(/usr/local/gwTeX/texmf.texlive/tex/latex/graphics/graphicx.sty
Package: graphicx 1999/02/16 v1.0f Enhanced LaTeX Graphics (DPC,SPQR)

(/usr/local/gwTeX/texmf.texlive/tex/latex/graphics/keyval.sty
Package: keyval 1999/03/16 v1.13 key=value parser (DPC)
\KV@toks@=\toks19
)
(/usr/local/gwTeX/texmf.texlive/tex/latex/graphics/graphics.sty
Package: graphics 2006/02/20 v1.0o Standard LaTeX Graphics (DPC,SPQR)

(/usr/local/gwTeX/texmf.texlive/tex/latex/graphics/trig.sty
Package: trig 1999/03/16 v1.09 sin cos tan (DPC)
)
(/usr/local/gwTeX/texmf.texlive/tex/latex/config/graphics.cfg
File: graphics.cfg 2001/08/31 v1.1 graphics configuration of teTeX/TeXLive
)
Package graphics Info: Driver file: dvips.def on input line 90.

(/usr/local/gwTeX/texmf.texlive/tex/latex/graphics/dvips.def
File: dvips.def 1999/02/16 v3.0i Driver-dependant file (DPC,SPQR)
))
\Gin@req@height=\dimen112
\Gin@req@width=\dimen113
)
(/usr/local/gwTeX/texmf.texlive/tex/latex/graphics/epsfig.sty
Package: epsfig 1999/02/16 v1.7a (e)psfig emulation (SPQR)
\epsfxsize=\dimen114
\epsfysize=\dimen115
)
\sectionReduceTop=\skip47
\sectionReduceBot=\skip48
\abstractReduceTop=\skip49
\abstractReduceBot=\skip50
\captionReduceTop=\skip51
\captionReduceBot=\skip52
\nameReduceTop=\skip53
\tableReduceTop=\skip54
\tableReduceBot=\skip55
 (./amt.aux)
\openout1 = `amt.aux'.

LaTeX Font Info:    Checking defaults for OML/cmm/m/it on input line 76.
LaTeX Font Info:    ... okay on input line 76.
LaTeX Font Info:    Checking defaults for T1/cmr/m/n on input line 76.
LaTeX Font Info:    ... okay on input line 76.
LaTeX Font Info:    Checking defaults for OT1/cmr/m/n on input line 76.
LaTeX Font Info:    ... okay on input line 76.
LaTeX Font Info:    Checking defaults for OMS/cmsy/m/n on input line 76.
LaTeX Font Info:    ... okay on input line 76.
LaTeX Font Info:    Checking defaults for OMX/cmex/m/n on input line 76.
LaTeX Font Info:    ... okay on input line 76.
LaTeX Font Info:    Checking defaults for U/cmr/m/n on input line 76.
LaTeX Font Info:    ... okay on input line 76.
LaTeX Font Info:    Try loading font information for OT1+ptm on input line 76.

(/usr/local/gwTeX/texmf.texlive/tex/latex/psnfss/ot1ptm.fd
File: ot1ptm.fd 2001/06/04 font definitions for OT1/ptm.
)
LaTeX Font Info:    Font shape `OT1/ptm/bx/n' in size <14.4> not available
(Font)              Font shape `OT1/ptm/b/n' tried instead on input line 77.
LaTeX Font Info:    Try loading font information for U+lasy on input line 77.

(/usr/local/gwTeX/texmf.texlive/tex/latex/base/ulasy.fd
File: ulasy.fd 1998/08/17 v2.2e LaTeX symbol font definitions
)
LaTeX Font Info:    Try loading font information for U+rsfs on input line 77.

(/usr/local/gwTeX/texmf.texlive/tex/latex/jknapltx/ursfs.fd
File: ursfs.fd 1998/03/24 rsfs font definition file (jk)
)
LaTeX Font Info:    Font shape `OT1/ptm/bx/n' in size <12> not available
(Font)              Font shape `OT1/ptm/b/n' tried instead on input line 77.


LaTeX Warning: No \author given.


Underfull \hbox (badness 1147) in paragraph at lines 80--91
[]\OT1/ptm/m/n/10 Human lin-guis-tic an-no-ta-tion is cru-cial for
 []


Underfull \hbox (badness 1527) in paragraph at lines 80--91
\OT1/ptm/m/n/10 sys-tem, a sig-nif-i-cantly cheaper and faster
 []


Underfull \hbox (badness 1968) in paragraph at lines 80--91
\OT1/ptm/m/n/10 method for col-lect-ing an-no-ta-tions from a
 []


Underfull \hbox (badness 2302) in paragraph at lines 101--107
\OT1/ptm/m/n/10.95 (Mar-cus et al.,  1993), Prop-Bank (Palmer et
 []

LaTeX Font Info:    Try loading font information for OT1+pcr on input line 109.

(/usr/local/gwTeX/texmf.texlive/tex/latex/psnfss/ot1pcr.fd
File: ot1pcr.fd 2001/06/04 font definitions for OT1/pcr.
)
Underfull \hbox (badness 3930) in paragraph at lines 109--109
[][]\OT1/ptm/m/n/9 Amazon Me-chan-i-cal Turk may be found on-line at
 []

[1




]
LaTeX Font Info:    Font shape `OT1/ptm/bx/n' in size <10.95> not available
(Font)              Font shape `OT1/ptm/b/n' tried instead on input line 178.

Underfull \hbox (badness 10000) in paragraph at lines 187--187
[][]\OT1/ptm/m/n/9 All tasks and col-lected data are avail-able at
 []

[2]

LaTeX Font Warning: Command \small invalid in math mode on input line 208.


LaTeX Font Warning: Command \small invalid in math mode on input line 209.


Overfull \hbox (3.37912pt too wide) in paragraph at lines 287--314
 [] 
 []


LaTeX Warning: `h' float specifier changed to `ht'.

[3]
File: figures/all_emo.eps Graphic file (type eps)
 <figures/all_emo.eps>
File: figures/wordsim.eps Graphic file (type eps)
 <figures/wordsim.eps>
File: figures/rte.eps Graphic file (type eps)
 <figures/rte.eps> [4]
File: figures/temp.eps Graphic file (type eps)

<figures/temp.eps>
Underfull \hbox (badness 1609) in paragraph at lines 430--434
\OT1/ptm/m/n/10.95 In this task we con-sider a very easy prob-lem
 []


Underfull \hbox (badness 1014) in paragraph at lines 430--434
\OT1/ptm/m/n/10.95 shown to pro-duce ex-tremely good re-sults; here
 []

[5]
File: figures/wsd.eps Graphic file (type eps)
 <figures/wsd.eps>
File: figures/workers.eps Graphic file (type eps)
 <figures/workers.eps>
Underfull \vbox (badness 1735) has occurred while \output is active []

 [6]
File: figures/goldcalib.eps Graphic file (type eps)

<figures/goldcalib.eps>
Underfull \vbox (badness 1371) has occurred while \output is active []

 [7]
[8]
Underfull \hbox (badness 1533) in paragraph at lines 674--678
[]\OT1/ptm/m/n/10 Ido Da-gan, Oren Glick-man and Bernardo Magnini.
 []

Missing character: There is no Ð in font ptmr7t!

Underfull \hbox (badness 1371) in paragraph at lines 716--720
[]\OT1/ptm/m/n/10 Michael Kaisser, Marti Hearst, and John B. Lowe.
 []

Missing character: There is no ’ in font ptmr7t!
[9] (./amt.aux) ) 
Here is how much of TeX's memory you used:
 1449 strings out of 94088
 17909 string characters out of 1163903
 2064631 words of memory out of 4515844
 4698 multiletter control sequences out of 10000+50000
 22390 words of font info for 76 fonts, out of 2000000 for 2000
 645 hyphenation exceptions out of 5000
 27i,9n,22p,1686b,284s stack positions out of 5000i,500n,6000p,200000b,50000s

Output written on amt.dvi (9 pages, 55872 bytes).
